<?xml version="1.0" encoding="UTF-8"?>
<Site BuildName="(empty)"
	BuildStamp="20250709-2306-Experimental"
	Name="DESKTOP-K52FES3"
	Generator="ctest-3.22.1"
	CompilerName="/usr/bin/c++"
	CompilerVersion="11.4.0"
	OSName="Linux"
	Hostname="DESKTOP-K52FES3"
	OSRelease="6.6.87.2-microsoft-standard-WSL2"
	OSVersion="#1 SMP PREEMPT_DYNAMIC Thu Jun  5 18:30:46 UTC 2025"
	OSPlatform="x86_64"
	Is64Bits="1"
	VendorString="GenuineIntel"
	VendorID="Intel Corporation"
	FamilyID="6"
	ModelID="140"
	ProcessorCacheSize="8192"
	NumberOfLogicalCPU="8"
	NumberOfPhysicalCPU="4"
	TotalVirtualMemory="2048"
	TotalPhysicalMemory="7798"
	LogicalProcessorsPerPhysical="2"
	ProcessorClockFrequency="2419.25"
	>
	<Testing>
		<StartDateTime>Jul 09 16:41 PDT</StartDateTime>
		<StartTestTime>1752104519</StartTestTime>
		<TestList/>
		<EndDateTime>Jul 09 16:41 PDT</EndDateTime>
		<EndTestTime>1752104519</EndTestTime>
		<ElapsedMinutes>0</ElapsedMinutes>
	</Testing>
</Site>
